生成启动时间为 2018/4/25 0:31:15。
     1>项目“E:\Lab\THIRD STAGE\computational social choice\experiments\ordering\ConsoleApplication1\ConsoleApplication1\ConsoleApplication1.vcxproj”在节点 2 上(Build 个目标)。
     1>InitializeBuildStatus:
         正在创建“Debug\ConsoleApplication1.unsuccessfulbuild”，因为已指定“AlwaysCreate”。
       ClCompile:
         所有输出均为最新。
         C:\Program Files (x86)\Microsoft Visual Studio 11.0\VC\bin\CL.exe /c /ZI /nologo /W3 /WX- /sdl /Od /Oy- /D WIN32 /D _DEBUG /D _CONSOLE /D _UNICODE /D UNICODE /Gm /EHsc /RTC1 /MDd /GS /fp:precise /Zc:wchar_t /Zc:forScope /Yu"stdafx.h" /Fp"Debug\ConsoleApplication1.pch" /Fo"Debug\\" /Fd"Debug\vc110.pdb" /Gd /TP /analyze- /errorReport:prompt GraphGenerator.cpp
         GraphGenerator.cpp
       Link:
         C:\Program Files (x86)\Microsoft Visual Studio 11.0\VC\bin\link.exe /ERRORREPORT:PROMPT /OUT:"E:\Lab\THIRD STAGE\computational social choice\experiments\ordering\ConsoleApplication1\Debug\ConsoleApplication1.exe" /INCREMENTAL /NOLOGO kernel32.lib user32.lib gdi32.lib winspool.lib comdlg32.lib advapi32.lib shell32.lib ole32.lib oleaut32.lib uuid.lib odbc32.lib odbccp32.lib /MANIFEST /MANIFESTUAC:"level='asInvoker' uiAccess='false'" /manifest:embed /DEBUG /PDB:"E:\Lab\THIRD STAGE\computational social choice\experiments\ordering\ConsoleApplication1\Debug\ConsoleApplication1.pdb" /SUBSYSTEM:CONSOLE /TLBID:1 /DYNAMICBASE /NXCOMPAT /IMPLIB:"E:\Lab\THIRD STAGE\computational social choice\experiments\ordering\ConsoleApplication1\Debug\ConsoleApplication1.lib" /MACHINE:X86 Debug\ConsoleApplication1.obj
         Debug\Graph.obj
         Debug\GraphGenerator.obj
         Debug\stdafx.obj
         ConsoleApplication1.vcxproj -> E:\Lab\THIRD STAGE\computational social choice\experiments\ordering\ConsoleApplication1\Debug\ConsoleApplication1.exe
       FinalizeBuildStatus:
         正在删除文件“Debug\ConsoleApplication1.unsuccessfulbuild”。
         正在对“Debug\ConsoleApplication1.lastbuildstate”执行 Touch 任务。
     1>已完成生成项目“E:\Lab\THIRD STAGE\computational social choice\experiments\ordering\ConsoleApplication1\ConsoleApplication1\ConsoleApplication1.vcxproj”(Build 个目标)的操作。

生成成功。

已用时间 00:00:00.53
